-------------------------------------------------------------------------------
Test set: co.com.sofka.app.BasicCalculatorTest
-------------------------------------------------------------------------------
Tests run: 24, Failures: 0, Errors: 4, Skipped: 0, Time elapsed: 0.437 s <<< FAILURE! - in co.com.sofka.app.BasicCalculatorTest
severalSums{Long, Long, Long}  Time elapsed: 0.016 s  <<< ERROR!
org.junit.jupiter.api.extension.ParameterResolutionException: No ParameterResolver registered for parameter [java.lang.Long arg0] in method [public void co.com.sofka.app.BasicCalculatorTest.severalSums(java.lang.Long,java.lang.Long,java.lang.Long)].

severalSubstracts{Long, Long, Long}  Time elapsed: 0.001 s  <<< ERROR!
org.junit.jupiter.api.extension.ParameterResolutionException: No ParameterResolver registered for parameter [java.lang.Long arg0] in method [public void co.com.sofka.app.BasicCalculatorTest.severalSubstracts(java.lang.Long,java.lang.Long,java.lang.Long)].

severalDivides{Long, Long, Double}  Time elapsed: 0.005 s  <<< ERROR!
org.junit.jupiter.api.extension.ParameterResolutionException: No ParameterResolver registered for parameter [java.lang.Long arg0] in method [public void co.com.sofka.app.BasicCalculatorTest.severalDivides(java.lang.Long,java.lang.Long,java.lang.Double)].

severalMultiplies{Long, Long, Long}  Time elapsed: 0.003 s  <<< ERROR!
org.junit.jupiter.api.extension.ParameterResolutionException: No ParameterResolver registered for parameter [java.lang.Long arg0] in method [public void co.com.sofka.app.BasicCalculatorTest.severalMultiplies(java.lang.Long,java.lang.Long,java.lang.Long)].

