<?xml version="1.0" encoding="UTF-8"?>
<testsuite xmlns:xsi="http://www.w3.org/2001/XMLSchema-instance" xsi:noNamespaceSchemaLocation="https://maven.apache.org/surefire/maven-surefire-plugin/xsd/surefire-test-report.xsd" name="co.com.sofka.app.BasicCalculatorTest" time="0.437" tests="24" errors="4" skipped="0" failures="0">
  <properties>
[...]
</properties>
  <testcase name="divide" classname="co.com.sofka.app.BasicCalculatorTest" time="0.031"/>
  <testcase name="severalSums{Long, Long, Long}" classname="co.com.sofka.app.BasicCalculatorTest" time="0.016">
    <error message="No ParameterResolver registered for parameter [java.lang.Long arg0] in method [public void co.com.sofka.app.BasicCalculatorTest.severalSums(java.lang.Long,java.lang.Long,java.lang.Long)]." type="org.junit.jupiter.api.extension.ParameterResolutionException">org.junit.jupiter.api.extension.ParameterResolutionException: No ParameterResolver registered for parameter [java.lang.Long arg0] in method [public void co.com.sofka.app.BasicCalculatorTest.severalSums(java.lang.Long,java.lang.Long,java.lang.Long)].
</error>
  </testcase>
  <testcase name="severalSums{Long, Long, Long}[1]" classname="co.com.sofka.app.BasicCalculatorTest" time="0.039"/>
  <testcase name="severalSums{Long, Long, Long}[2]" classname="co.com.sofka.app.BasicCalculatorTest" time="0.004"/>
  <testcase name="severalSums{Long, Long, Long}[3]" classname="co.com.sofka.app.BasicCalculatorTest" time="0.004"/>
  <testcase name="severalSums{Long, Long, Long}[4]" classname="co.com.sofka.app.BasicCalculatorTest" time="0"/>
  <testcase name="severalSubstracts{Long, Long, Long}" classname="co.com.sofka.app.BasicCalculatorTest" time="0.001">
    <error message="No ParameterResolver registered for parameter [java.lang.Long arg0] in method [public void co.com.sofka.app.BasicCalculatorTest.severalSubstracts(java.lang.Long,java.lang.Long,java.lang.Long)]." type="org.junit.jupiter.api.extension.ParameterResolutionException">org.junit.jupiter.api.extension.ParameterResolutionException: No ParameterResolver registered for parameter [java.lang.Long arg0] in method [public void co.com.sofka.app.BasicCalculatorTest.severalSubstracts(java.lang.Long,java.lang.Long,java.lang.Long)].
</error>
  </testcase>
  <testcase name="severalSubstracts{Long, Long, Long}[1]" classname="co.com.sofka.app.BasicCalculatorTest" time="0.017"/>
  <testcase name="severalSubstracts{Long, Long, Long}[2]" classname="co.com.sofka.app.BasicCalculatorTest" time="0.001"/>
  <testcase name="severalSubstracts{Long, Long, Long}[3]" classname="co.com.sofka.app.BasicCalculatorTest" time="0"/>
  <testcase name="severalSubstracts{Long, Long, Long}[4]" classname="co.com.sofka.app.BasicCalculatorTest" time="0.005"/>
  <testcase name="sum" classname="co.com.sofka.app.BasicCalculatorTest" time="0.004"/>
  <testcase name="substract" classname="co.com.sofka.app.BasicCalculatorTest" time="0.005"/>
  <testcase name="multiply" classname="co.com.sofka.app.BasicCalculatorTest" time="0.005"/>
  <testcase name="severalDivides{Long, Long, Double}" classname="co.com.sofka.app.BasicCalculatorTest" time="0.005">
    <error message="No ParameterResolver registered for parameter [java.lang.Long arg0] in method [public void co.com.sofka.app.BasicCalculatorTest.severalDivides(java.lang.Long,java.lang.Long,java.lang.Double)]." type="org.junit.jupiter.api.extension.ParameterResolutionException">org.junit.jupiter.api.extension.ParameterResolutionException: No ParameterResolver registered for parameter [java.lang.Long arg0] in method [public void co.com.sofka.app.BasicCalculatorTest.severalDivides(java.lang.Long,java.lang.Long,java.lang.Double)].
</error>
  </testcase>
  <testcase name="severalDivides{Long, Long, Double}[1]" classname="co.com.sofka.app.BasicCalculatorTest" time="0.013"/>
  <testcase name="severalDivides{Long, Long, Double}[2]" classname="co.com.sofka.app.BasicCalculatorTest" time="0.005"/>
  <testcase name="severalDivides{Long, Long, Double}[3]" classname="co.com.sofka.app.BasicCalculatorTest" time="0.004"/>
  <testcase name="severalDivides{Long, Long, Double}[4]" classname="co.com.sofka.app.BasicCalculatorTest" time="0.007"/>
  <testcase name="severalMultiplies{Long, Long, Long}" classname="co.com.sofka.app.BasicCalculatorTest" time="0.003">
    <error message="No ParameterResolver registered for parameter [java.lang.Long arg0] in method [public void co.com.sofka.app.BasicCalculatorTest.severalMultiplies(java.lang.Long,java.lang.Long,java.lang.Long)]." type="org.junit.jupiter.api.extension.ParameterResolutionException">org.junit.jupiter.api.extension.ParameterResolutionException: No ParameterResolver registered for parameter [java.lang.Long arg0] in method [public void co.com.sofka.app.BasicCalculatorTest.severalMultiplies(java.lang.Long,java.lang.Long,java.lang.Long)].
</error>
  </testcase>
  <testcase name="severalMultiplies{Long, Long, Long}[1]" classname="co.com.sofka.app.BasicCalculatorTest" time="0.005"/>
  <testcase name="severalMultiplies{Long, Long, Long}[2]" classname="co.com.sofka.app.BasicCalculatorTest" time="0.003"/>
  <testcase name="severalMultiplies{Long, Long, Long}[3]" classname="co.com.sofka.app.BasicCalculatorTest" time="0.003"/>
  <testcase name="severalMultiplies{Long, Long, Long}[4]" classname="co.com.sofka.app.BasicCalculatorTest" time="0.011"/>
</testsuite>